TN:
SF:src/api/getDegrees.ts
FN:5,(anonymous_1)
FNF:1
FNH:1
FNDA:2,(anonymous_1)
DA:1,9
DA:5,9
DA:6,2
DA:7,2
DA:8,2
DA:11,9
LF:6
LH:6
BRF:0
BRH:0
end_of_record
TN:
SF:src/api/getJobs.ts
FN:5,(anonymous_1)
FNF:1
FNH:1
FNDA:2,(anonymous_1)
DA:1,9
DA:5,9
DA:6,2
DA:7,2
DA:8,2
DA:11,9
LF:6
LH:6
BRF:0
BRH:0
end_of_record
TN:
SF:src/components/JobResults/JobListing.vue
FN:69,(anonymous_0)
FN:70,(anonymous_1)
FNF:2
FNH:2
FNDA:5,(anonymous_0)
FNDA:5,(anonymous_1)
DA:57,2
DA:60,2
DA:70,5
DA:71,5
LF:4
LH:4
BRF:0
BRH:0
end_of_record
TN:
SF:src/components/JobResults/JobListings.vue
FN:50,(anonymous_1)
FN:57,(anonymous_2)
FN:64,(anonymous_3)
FNF:3
FNH:2
FNDA:7,(anonymous_1)
FNDA:0,(anonymous_2)
FNDA:7,(anonymous_3)
DA:37,1
DA:39,1
DA:40,1
DA:41,1
DA:42,1
DA:44,1
DA:51,7
DA:53,7
DA:55,7
DA:57,7
DA:59,7
DA:64,7
DA:65,7
DA:66,7
DA:67,7
DA:68,7
DA:71,7
LF:17
LH:17
BRF:0
BRH:0
end_of_record
TN:
SF:src/components/JobResults/JobFiltersSidebar/JobFiltersSidebarCheckboxGroup.vue
FN:52,(anonymous_1)
FN:58,(anonymous_2)
FNF:2
FNH:2
FNDA:3,(anonymous_1)
FNDA:2,(anonymous_2)
DA:25,1
DA:26,1
DA:27,1
DA:29,1
DA:31,1
DA:33,1
DA:53,3
DA:54,3
DA:56,3
DA:58,3
DA:59,2
DA:60,2
DA:63,3
LF:13
LH:13
BRF:0
BRH:0
end_of_record
TN:
SF:src/components/JobSearch/HeadlineComponent.vue
FN:30,(anonymous_1)
FN:37,(anonymous_2)
FN:43,(anonymous_3)
FN:46,(anonymous_4)
FN:50,(anonymous_5)
FN:51,(anonymous_6)
FNF:6
FNH:6
FNDA:4,(anonymous_1)
FNDA:7,(anonymous_2)
FNDA:4,(anonymous_3)
FNDA:1,(anonymous_4)
FNDA:4,(anonymous_5)
FNDA:3,(anonymous_6)
DA:16,1
DA:17,1
DA:28,1
DA:31,4
DA:38,7
DA:44,4
DA:47,1
DA:50,4
DA:51,4
DA:52,3
DA:53,3
LF:11
LH:11
BRF:0
BRH:0
end_of_record
TN:
SF:src/components/JobSearch/JobSearchForm.vue
FN:54,(anonymous_1)
FN:60,(anonymous_2)
FNF:2
FNH:2
FNDA:1,(anonymous_1)
FNDA:1,(anonymous_2)
DA:42,1
DA:43,1
DA:44,1
DA:45,1
DA:47,1
DA:55,1
DA:57,1
DA:58,1
DA:60,1
DA:61,1
DA:67,1
LF:11
LH:11
BRF:0
BRH:0
end_of_record
TN:
SF:src/components/JobSearch/SpotlightComponent.vue
FN:27,(anonymous_14)
FN:30,(anonymous_15)
FNF:2
FNH:2
FNDA:3,(anonymous_14)
FNDA:6,(anonymous_15)
DA:14,1
DA:15,1
DA:24,1
DA:27,3
DA:28,3
DA:30,3
DA:31,3
DA:32,3
DA:33,3
DA:34,3
DA:36,3
DA:38,3
LF:12
LH:12
BRF:0
BRH:0
end_of_record
TN:
SF:src/components/Navigation/MainNav.vue
FN:65,(anonymous_3)
FN:78,(anonymous_4)
FNF:2
FNH:2
FNDA:6,(anonymous_3)
FNDA:6,(anonymous_4)
DA:49,1
DA:50,1
DA:52,1
DA:53,1
DA:54,1
DA:56,1
DA:58,1
DA:66,6
DA:79,6
LF:9
LH:9
BRF:0
BRH:0
end_of_record
TN:
SF:src/components/Navigation/ProfileImage.vue
FN:10,(anonymous_0)
FNF:1
FNH:1
FNDA:1,(anonymous_0)
DA:6,2
DA:8,2
DA:11,1
LF:3
LH:3
BRF:0
BRH:0
end_of_record
TN:
SF:src/components/Navigation/SubNav.vue
FN:25,(anonymous_1)
FNF:1
FNH:1
FNDA:2,(anonymous_1)
DA:16,2
DA:17,2
DA:18,2
DA:23,2
DA:26,2
DA:27,2
DA:28,2
LF:7
LH:7
BRF:0
BRH:0
end_of_record
TN:
SF:src/components/Shared/AccordionElement.vue
FN:32,(anonymous_0)
FN:35,(anonymous_1)
FN:39,(anonymous_2)
FNF:3
FNH:3
FNDA:11,(anonymous_0)
FNDA:11,(anonymous_1)
FNDA:22,(anonymous_2)
DA:21,4
DA:23,4
DA:33,11
DA:35,11
DA:36,11
DA:39,11
DA:40,22
DA:43,11
LF:8
LH:8
BRDA:40,0,0,11
BRDA:40,0,1,11
BRF:2
BRH:2
end_of_record
TN:
SF:src/components/Shared/ActionButton.vue
FN:21,(anonymous_0)
FN:26,(anonymous_1)
FN:29,(anonymous_2)
FNF:3
FNH:3
FNDA:7,(anonymous_0)
FNDA:3,(anonymous_1)
FNDA:3,(anonymous_2)
DA:8,3
DA:10,3
DA:22,7
DA:27,3
DA:29,3
DA:30,3
DA:34,3
LF:7
LH:7
BRF:0
BRH:0
end_of_record
TN:
SF:src/components/Shared/HeaderContainer.vue
FNF:0
FNH:0
DA:11,1
DA:13,1
LF:2
LH:2
BRF:0
BRH:0
end_of_record
TN:
SF:src/components/Shared/TextInput.vue
FN:29,(anonymous_0)
FNF:1
FNH:1
FNDA:5,(anonymous_0)
DA:12,2
DA:14,2
DA:30,5
DA:31,5
LF:4
LH:4
BRF:0
BRH:0
end_of_record
TN:
SF:src/composables/useConfirmRoute.ts
FN:4,(anonymous_0)
FN:6,(anonymous_1)
FNF:2
FNH:2
FNDA:1,(anonymous_0)
FNDA:1,(anonymous_1)
DA:1,3
DA:2,3
DA:4,3
DA:5,1
DA:6,1
DA:9,3
LF:6
LH:6
BRF:0
BRH:0
end_of_record
TN:
SF:src/composables/useCurrentPage.ts
FN:4,(anonymous_0)
FN:7,(anonymous_1)
FNF:2
FNH:2
FNDA:2,(anonymous_0)
FNDA:2,(anonymous_1)
DA:1,2
DA:2,2
DA:4,2
DA:5,2
DA:6,2
DA:7,2
DA:10,2
LF:7
LH:7
BRDA:7,0,0,2
BRDA:7,0,1,1
BRF:2
BRH:2
end_of_record
TN:
SF:src/composables/usePrevAndNextPages.ts
FN:7,(anonymous_0)
FN:8,(anonymous_1)
FN:14,(anonymous_2)
FNF:3
FNH:3
FNDA:4,(anonymous_0)
FNDA:2,(anonymous_1)
FNDA:2,(anonymous_2)
DA:1,2
DA:7,2
DA:8,4
DA:9,2
DA:10,2
DA:11,2
DA:14,4
DA:15,2
DA:16,2
DA:19,4
DA:22,2
LF:11
LH:11
BRDA:11,0,0,1
BRDA:11,0,1,1
BRDA:16,1,0,1
BRDA:16,1,1,1
BRF:4
BRH:4
end_of_record
TN:
SF:src/store/actions.ts
FN:16,(anonymous_1)
FN:20,(anonymous_2)
FNF:2
FNH:2
FNDA:2,(anonymous_1)
FNDA:2,(anonymous_2)
DA:2,8
DA:3,8
DA:4,8
DA:15,8
DA:17,2
DA:18,2
DA:21,2
DA:22,2
DA:26,8
LF:9
LH:9
BRF:0
BRH:0
end_of_record
TN:
SF:src/store/composables.ts
FN:16,(anonymous_0)
FN:18,(anonymous_1)
FN:21,(anonymous_2)
FN:23,(anonymous_3)
FN:26,(anonymous_4)
FN:28,(anonymous_5)
FN:32,(anonymous_6)
FNF:7
FNH:7
FNDA:1,(anonymous_0)
FNDA:1,(anonymous_1)
FNDA:1,(anonymous_2)
FNDA:1,(anonymous_3)
FNDA:1,(anonymous_4)
FNDA:1,(anonymous_5)
FNDA:1,(anonymous_6)
DA:1,6
DA:2,6
DA:4,6
DA:13,6
DA:16,6
DA:17,1
DA:18,1
DA:21,6
DA:22,1
DA:23,1
DA:26,6
DA:27,1
DA:28,1
DA:32,6
DA:33,1
DA:34,1
LF:16
LH:16
BRF:0
BRH:0
end_of_record
TN:
SF:src/store/constants.ts
FNF:0
FNH:0
DA:2,12
DA:5,12
DA:6,12
DA:7,12
DA:10,12
DA:11,12
DA:13,12
DA:16,12
DA:17,12
DA:19,12
DA:22,12
DA:23,12
DA:24,12
DA:25,12
LF:14
LH:14
BRF:0
BRH:0
end_of_record
TN:
SF:src/store/getters.ts
FN:20,(anonymous_0)
FN:22,(anonymous_1)
FN:26,(anonymous_2)
FN:28,(anonymous_3)
FN:32,(anonymous_4)
FN:33,(anonymous_5)
FN:36,(anonymous_6)
FN:36,(anonymous_7)
FN:40,(anonymous_8)
FN:40,(anonymous_9)
FN:44,(anonymous_10)
FN:44,(anonymous_11)
FN:48,(anonymous_12)
FN:50,(anonymous_13)
FN:51,(anonymous_14)
FNF:15
FNH:15
FNDA:1,(anonymous_0)
FNDA:3,(anonymous_1)
FNDA:1,(anonymous_2)
FNDA:3,(anonymous_3)
FNDA:1,(anonymous_4)
FNDA:2,(anonymous_5)
FNDA:2,(anonymous_6)
FNDA:2,(anonymous_7)
FNDA:2,(anonymous_8)
FNDA:2,(anonymous_9)
FNDA:2,(anonymous_10)
FNDA:2,(anonymous_11)
FNDA:1,(anonymous_12)
FNDA:1,(anonymous_13)
FNDA:1,(anonymous_14)
DA:1,8
DA:19,8
DA:21,1
DA:22,3
DA:23,1
DA:27,1
DA:28,3
DA:29,1
DA:33,2
DA:36,2
DA:37,2
DA:38,1
DA:40,2
DA:41,2
DA:42,1
DA:44,2
DA:45,2
DA:46,1
DA:49,1
DA:50,1
DA:51,1
DA:55,8
LF:22
LH:22
BRDA:37,0,0,1
BRDA:41,1,0,1
BRDA:45,2,0,1
BRF:3
BRH:3
end_of_record
TN:
SF:src/store/index.ts
FNF:0
FNH:0
DA:2,7
DA:4,7
DA:5,7
DA:6,7
DA:7,7
DA:10,7
DA:12,7
DA:20,7
LF:8
LH:8
BRF:0
BRH:0
end_of_record
TN:
SF:src/store/mutations.ts
FN:13,(anonymous_0)
FN:16,(anonymous_1)
FN:19,(anonymous_2)
FN:22,(anonymous_3)
FN:25,(anonymous_4)
FNF:5
FNH:5
FNDA:1,(anonymous_0)
FNDA:1,(anonymous_1)
FNDA:1,(anonymous_2)
FNDA:1,(anonymous_3)
FNDA:1,(anonymous_4)
DA:1,8
DA:12,8
DA:14,1
DA:17,1
DA:20,1
DA:23,1
DA:26,1
DA:30,8
LF:8
LH:8
BRF:0
BRH:0
end_of_record
TN:
SF:src/store/state.ts
FN:3,(anonymous_0)
FNF:1
FNH:1
FNDA:24,(anonymous_0)
DA:3,11
DA:4,24
DA:14,11
LF:3
LH:3
BRF:0
BRH:0
end_of_record
TN:
SF:src/utils/nextElementInList.ts
FN:1,(anonymous_0)
FNF:1
FNH:1
FNDA:5,(anonymous_0)
DA:1,2
DA:2,5
DA:3,5
DA:4,5
DA:5,5
DA:7,2
LF:6
LH:6
BRF:0
BRH:0
end_of_record
TN:
SF:tests/unit/store/utils.ts
FN:5,(anonymous_1)
FN:10,(anonymous_2)
FN:24,(anonymous_3)
FNF:3
FNH:3
FNDA:15,(anonymous_1)
FNDA:20,(anonymous_2)
FNDA:4,(anonymous_3)
DA:1,3
DA:5,3
DA:6,15
DA:7,15
DA:10,20
DA:24,4
LF:6
LH:6
BRDA:5,0,0,0
BRDA:10,1,0,2
BRDA:24,2,0,1
BRF:3
BRH:2
end_of_record
